Log file open, 11/09/17 22:43:20
LogWindows: Failed to load 'aqProf.dll' (GetLastError=126)
LogWindows: File 'aqProf.dll' does not exist
LogWindows: Failed to load 'VSPerf140.dll' (GetLastError=126)
LogWindows: File 'VSPerf140.dll' does not exist
LogWindows: Failed to load 'VtuneApi.dll' (GetLastError=126)
LogWindows: File 'VtuneApi.dll' does not exist
LogWindows: Failed to load 'VtuneApi32e.dll' (GetLastError=126)
LogWindows: File 'VtuneApi32e.dll' does not exist
LogInit: Display: Running engine for game: FPSTenis4Two
LogPlatformFile: Not using cached read wrapper
LogInit: Display: RandInit(-1155101178) SRandInit(-1155101178).
LogTaskGraph: Started task graph with 5 named threads and 14 total threads with 3 sets of task threads.
LogStats: Stats thread started at 0.165126
LogD3D11RHI: Aftermath initialized
LogPluginManager: Mounting plugin Paper2D
LogPluginManager: Mounting plugin LightPropagationVolume
LogPluginManager: Mounting plugin CodeLiteSourceCodeAccess
LogPluginManager: Mounting plugin GitSourceControl
LogPluginManager: Mounting plugin KDevelopSourceCodeAccess
LogPluginManager: Mounting plugin NullSourceCodeAccess
LogPluginManager: Mounting plugin PerforceSourceControl
LogPluginManager: Mounting plugin SubversionSourceControl
LogPluginManager: Mounting plugin UObjectPlugin
LogPluginManager: Mounting plugin VisualStudioSourceCodeAccess
LogPluginManager: Mounting plugin XCodeSourceCodeAccess
LogPluginManager: Mounting plugin AssetManagerEditor
LogPluginManager: Mounting plugin AudioCapture
LogPluginManager: Mounting plugin FacialAnimation
LogPluginManager: Mounting plugin GameplayTagsEditor
LogPluginManager: Mounting plugin MobileLauncherProfileWizard
LogPluginManager: Mounting plugin PluginBrowser
LogPluginManager: Mounting plugin SpeedTreeImporter
LogPluginManager: Mounting plugin AlembicImporter
LogPluginManager: Mounting plugin CharacterAI
LogPluginManager: Mounting plugin HTML5Networking
LogPluginManager: Mounting plugin AndroidMedia
LogPluginManager: Mounting plugin AvfMedia
LogPluginManager: Mounting plugin MediaPlayerEditor
LogPluginManager: Mounting plugin WmfMedia
LogPluginManager: Mounting plugin TcpMessaging
LogPluginManager: Mounting plugin UdpMessaging
LogPluginManager: Mounting plugin LevelSequenceEditor
LogPluginManager: Mounting plugin MatineeToLevelSequence
LogPluginManager: Mounting plugin OnlineSubsystemGooglePlay
LogPluginManager: Mounting plugin OnlineSubsystemIOS
LogPluginManager: Mounting plugin OnlineSubsystem
LogPluginManager: Mounting plugin OnlineSubsystemNull
LogPluginManager: Mounting plugin OnlineSubsystemUtils
LogPluginManager: Mounting plugin AndroidDeviceProfileSelector
LogPluginManager: Mounting plugin AndroidMoviePlayer
LogPluginManager: Mounting plugin AndroidPermission
LogPluginManager: Mounting plugin AppleMoviePlayer
LogPluginManager: Mounting plugin ArchVisCharacter
LogPluginManager: Mounting plugin CableComponent
LogPluginManager: Mounting plugin CustomMeshComponent
LogPluginManager: Mounting plugin ExampleDeviceProfileSelector
LogPluginManager: Mounting plugin GoogleCloudMessaging
LogPluginManager: Mounting plugin ImmediatePhysics
LogPluginManager: Mounting plugin IOSDeviceProfileSelector
LogPluginManager: Mounting plugin LinuxDeviceProfileSelector
LogPluginManager: Mounting plugin LocationServicesBPLibrary
LogPluginManager: Mounting plugin MobilePatchingUtils
LogPluginManager: Mounting plugin OculusVR
LogPluginManager: Mounting plugin PhysXVehicles
LogPluginManager: Mounting plugin ProceduralMeshComponent
LogPluginManager: Mounting plugin RuntimePhysXCooking
LogPluginManager: Mounting plugin SteamVR
LogPluginManager: Mounting plugin WindowsMoviePlayer
LogInit: Using libcurl 7.47.1
LogInit:  - built for x86_64-pc-win32
LogInit:  - supports SSL with OpenSSL/1.0.2g
LogInit:  - supports HTTP deflate (compression) using libz 1.2.8
LogInit:  - other features:
LogInit:      CURL_VERSION_SSL
LogInit:      CURL_VERSION_LIBZ
LogInit:      CURL_VERSION_IPV6
LogInit:      CURL_VERSION_ASYNCHDNS
LogInit:      CURL_VERSION_LARGEFILE
LogInit:      CURL_VERSION_IDN
LogInit:  CurlRequestOptions (configurable via config and command line):
LogInit:  - bVerifyPeer = false  - Libcurl will NOT verify peer certificate
LogInit:  - bUseHttpProxy = false  - Libcurl will NOT use HTTP proxy
LogInit:  - bDontReuseConnections = false  - Libcurl will reuse connections
LogInit:  - CertBundlePath = nullptr  - Libcurl will use whatever was configured at build time.
LogInit: Build: ++UE4+Release-4.17-CL-3658906
LogInit: Engine Version: 4.17.2-3658906+++UE4+Release-4.17
LogInit: Compatible Engine Version: 4.17.0-3573198+++UE4+Release-4.17
LogInit: Net CL: 3573198
LogDevObjectVersion: Number of dev versions registered: 16
LogDevObjectVersion:   Dev-Blueprints (B0D832E4-1F89-4F0D-ACCF-7EB736FD4AA2): 10
LogDevObjectVersion:   Dev-Build (E1C64328-A22C-4D53-A36C-8E866417BD8C): 0
LogDevObjectVersion:   Dev-Core (375EC13C-06E4-48FB-B500-84F0262A717E): 2
LogDevObjectVersion:   Dev-Editor (E4B068ED-F494-42E9-A231-DA0B2E46BB41): 20
LogDevObjectVersion:   Dev-Framework (CFFC743F-43B0-4480-9391-14DF171D2073): 28
LogDevObjectVersion:   Dev-Mobile (B02B49B5-BB20-44E9-A304-32B752E40360): 0
LogDevObjectVersion:   Dev-Networking (A4E4105C-59A1-49B5-A7C5-40C4547EDFEE): 0
LogDevObjectVersion:   Dev-Online (39C831C9-5AE6-47DC-9A44-9C173E1C8E7C): 0
LogDevObjectVersion:   Dev-Physics (78F01B33-EBEA-4F98-B9B4-84EACCB95AA2): 0
LogDevObjectVersion:   Dev-Platform (6631380F-2D4D-43E0-8009-CF276956A95A): 0
LogDevObjectVersion:   Dev-Rendering (12F88B9F-8875-4AFC-A67C-D90C383ABD29): 19
LogDevObjectVersion:   Dev-Sequencer (7B5AE74C-D270-4C10-A958-57980B212A5A): 4
LogDevObjectVersion:   Dev-VR (D7296918-1DD6-4BDD-9DE2-64A83CC13884): 0
LogDevObjectVersion:   Dev-LoadTimes (C2A15278-BFE7-4AFE-6C17-90FF531DF755): 1
LogDevObjectVersion:   Private-Geometry (6EACA3D4-40EC-4CC1-B786-8BED09428FC5): 1
LogDevObjectVersion:   Dev-AnimPhys (29E575DD-E0A3-4627-9D10-D276232CDCEA): 7
LogInit: Compiled (64-bit): Sep 22 2017 13:47:16
LogInit: Compiled with Visual C++: 19.00.24215.01
LogInit: Build Configuration: Development
LogInit: Branch Name: ++UE4+Release-4.17
LogInit: Command line: -EpicPortal 
LogInit: Base directory: C:/Program Files/Epic Games/UE_4.17/Engine/Binaries/Win64/
LogInit: Installed Engine Build: 1
LogInit: Presizing for max 8388607 objects, including 0 objects not considered by GC, pre-allocating 0 bytes for permanent pool.
LogInit: Object subsystem initialized
[2017.11.10-00.43.21:085][  0]LogInit: Selected Device Profile: [Windows]
[2017.11.10-00.43.21:085][  0]LogInit: Applying CVar settings loaded from the selected device profile: [Windows]
[2017.11.10-00.43.21:103][  0]LogInit: Computer: DESKTOP-7IQA5QU
[2017.11.10-00.43.21:103][  0]LogInit: User: Carlito
[2017.11.10-00.43.21:103][  0]LogInit: CPU Page size=4096, Cores=4
[2017.11.10-00.43.21:103][  0]LogInit: High frequency timer resolution =3.515627 MHz
[2017.11.10-00.43.21:104][  0]LogMemory: Memory total: Physical=7.9GB (8GB approx)
[2017.11.10-00.43.21:104][  0]LogMemory: Platform Memory Stats for Windows
[2017.11.10-00.43.21:104][  0]LogMemory: Process Physical Memory: 278.45 MB used, 278.45 MB peak
[2017.11.10-00.43.21:104][  0]LogMemory: Process Virtual Memory: 282.55 MB used, 282.55 MB peak
[2017.11.10-00.43.21:104][  0]LogMemory: Physical Memory: 5062.87 MB used,  3035.74 MB free, 8098.61 MB total
[2017.11.10-00.43.21:104][  0]LogMemory: Virtual Memory: 677.00 MB used,  3035.74 MB free, 134217728.00 MB total
[2017.11.10-00.43.21:294][  0]LogInit: Overriding language with editor language configuration option (en).
[2017.11.10-00.43.21:294][  0]LogInit: Overriding locale with editor locale configuration option (en).
[2017.11.10-00.43.21:851][  0]LogD3D11RHI: D3D11 adapters:
[2017.11.10-00.43.21:869][  0]LogD3D11RHI:    0. 'NVIDIA GeForce GT 630' (Feature Level 11_0)
[2017.11.10-00.43.21:869][  0]LogD3D11RHI:       4041/0/4002 MB DedicatedVideo/DedicatedSystem/SharedSystem, Outputs:1, VendorId:0x10de
[2017.11.10-00.43.21:870][  0]LogD3D11RHI:    1. 'Microsoft Basic Render Driver' (Feature Level 11_0)
[2017.11.10-00.43.21:870][  0]LogD3D11RHI:       0/0/4002 MB DedicatedVideo/DedicatedSystem/SharedSystem, Outputs:0, VendorId:0x1414
[2017.11.10-00.43.21:870][  0]LogD3D11RHI: Chosen D3D11 Adapter: 0
[2017.11.10-00.43.21:873][  0]LogD3D11RHI: Creating new Direct3DDevice
[2017.11.10-00.43.21:873][  0]LogD3D11RHI:     GPU DeviceId: 0xf00 (for the marketing name, search the web for "GPU Device Id")
[2017.11.10-00.43.21:873][  0]LogWindows: EnumDisplayDevices:
[2017.11.10-00.43.21:873][  0]LogWindows:    0. 'NVIDIA GeForce GT 630' (P:1 D:1)
[2017.11.10-00.43.21:873][  0]LogWindows:    1. 'NVIDIA GeForce GT 630' (P:0 D:0)
[2017.11.10-00.43.21:873][  0]LogWindows: DebugString: FoundDriverCount:2 
[2017.11.10-00.43.21:873][  0]LogD3D11RHI:     Adapter Name: NVIDIA GeForce GT 630
[2017.11.10-00.43.21:873][  0]LogD3D11RHI:   Driver Version: 376.53 (internal:21.21.13.7653, unified:376.53)
[2017.11.10-00.43.21:873][  0]LogD3D11RHI:      Driver Date: 12-29-2016
[2017.11.10-00.43.21:873][  0]LogRHI: Texture pool is 1361 MB (70% of 1945 MB)
[2017.11.10-00.43.21:887][  0]LogD3D11RHI: Display: Timestamp queries are currently disabled on this hardware due to instability. Realtime GPU stats will not be available. You can override this behaviour by setting r.NVIDIATimestampWorkaround to 0
[2017.11.10-00.43.21:887][  0]LogD3D11RHI: Async texture creation enabled
[2017.11.10-00.43.21:895][  0]LogD3D11RHI: GPU Timing Frequency: 1000.000000 (Debug: 2 1)
[2017.11.10-00.43.21:945][  0]LogShaderCompilers: Guid format shader working directory is -30 characters bigger than the processId version (../../../../../../Users/Carlito/Desktop/Canal do Youtube/Projetos/FPSTenis4Two/Intermediate/Shaders/WorkingDirectory/9796/).
[2017.11.10-00.43.21:945][  0]LogShaderCompilers: Cleaned the shader compiler working directory 'C:/Users/Carlito/AppData/Local/Temp/UnrealShaderWorkingDir/D5CF721A4BE3CC7697B8569154378696/'.
[2017.11.10-00.43.21:945][  0]LogShaderCompilers: Display: Using Local Shader Compiler.
[2017.11.10-00.43.22:760][  0]LogTemp: Display: Loaded TP AllDesktopTargetPlatform
[2017.11.10-00.43.22:810][  0]LogTemp: Display: Loaded TP MacClientTargetPlatform
[2017.11.10-00.43.22:859][  0]LogTemp: Display: Loaded TP MacNoEditorTargetPlatform
[2017.11.10-00.43.22:909][  0]LogTemp: Display: Loaded TP MacServerTargetPlatform
[2017.11.10-00.43.22:960][  0]LogTemp: Display: Loaded TP MacTargetPlatform
[2017.11.10-00.43.23:009][  0]LogTemp: Display: Loaded TP WindowsClientTargetPlatform
[2017.11.10-00.43.23:058][  0]LogTemp: Display: Loaded TP WindowsNoEditorTargetPlatform
[2017.11.10-00.43.23:108][  0]LogTemp: Display: Loaded TP WindowsServerTargetPlatform
[2017.11.10-00.43.23:153][  0]LogTemp: Display: Loaded TP WindowsTargetPlatform
[2017.11.10-00.43.23:244][  0]LogTemp: Display: Loaded TP AndroidTargetPlatform
[2017.11.10-00.43.23:295][  0]LogTemp: Display: Loaded TP Android_ASTCTargetPlatform
[2017.11.10-00.43.23:347][  0]LogTemp: Display: Loaded TP Android_ATCTargetPlatform
[2017.11.10-00.43.23:400][  0]LogTemp: Display: Loaded TP Android_DXTTargetPlatform
[2017.11.10-00.43.23:453][  0]LogTemp: Display: Loaded TP Android_ETC1TargetPlatform
[2017.11.10-00.43.23:504][  0]LogTemp: Display: Loaded TP Android_ETC2TargetPlatform
[2017.11.10-00.43.23:605][  0]LogTemp: Display: Loaded TP Android_MultiTargetPlatform
[2017.11.10-00.43.23:605][  0]LogTemp: Display: Loaded TP Android_PVRTCTargetPlatform
[2017.11.10-00.43.23:649][  0]LogTemp: Display: Loaded TP HTML5TargetPlatform
[2017.11.10-00.43.23:744][  0]LogTemp: Display: Loaded TP IOSTargetPlatform
[2017.11.10-00.43.23:794][  0]LogTemp: Display: Loaded TP TVOSTargetPlatform
[2017.11.10-00.43.23:844][  0]LogTemp: Display: Loaded TP LinuxClientTargetPlatform
[2017.11.10-00.43.23:893][  0]LogTemp: Display: Loaded TP LinuxNoEditorTargetPlatform
[2017.11.10-00.43.23:941][  0]LogTemp: Display: Loaded TP LinuxServerTargetPlatform
[2017.11.10-00.43.23:990][  0]LogTemp: Display: Loaded TP LinuxTargetPlatform
[2017.11.10-00.43.23:990][  0]LogTargetPlatformManager: Display: Building Assets For Windows
[2017.11.10-00.43.24:501][  0]LogDerivedDataCache: Display: Max Cache Size: 512 MB
[2017.11.10-00.43.24:575][  0]LogDerivedDataCache: Loaded boot cache 0.07s 93MB C:/Users/Carlito/AppData/Local/UnrealEngine/4.17/DerivedDataCache/Boot.ddc.
[2017.11.10-00.43.24:576][  0]LogDerivedDataCache: Display: Loaded Boot cache: C:/Users/Carlito/AppData/Local/UnrealEngine/4.17/DerivedDataCache/Boot.ddc
[2017.11.10-00.43.24:576][  0]LogDerivedDataCache: FDerivedDataBackendGraph:  Pak pak cache file ../../../../../../Users/Carlito/Desktop/Canal do Youtube/Projetos/FPSTenis4Two/DerivedDataCache/DDC.ddp not found, will not use a pak cache.
[2017.11.10-00.43.24:576][  0]LogDerivedDataCache: Unable to find inner node Pak for hierarchical cache Hierarchy.
[2017.11.10-00.43.24:576][  0]LogDerivedDataCache: FDerivedDataBackendGraph:  CompressedPak pak cache file ../../../../../../Users/Carlito/Desktop/Canal do Youtube/Projetos/FPSTenis4Two/DerivedDataCache/Compressed.ddp not found, will not use a pak cache.
[2017.11.10-00.43.24:576][  0]LogDerivedDataCache: Unable to find inner node CompressedPak for hierarchical cache Hierarchy.
[2017.11.10-00.43.24:590][  0]LogDerivedDataCache: Display: Pak cache opened for reading ../../../Engine/DerivedDataCache/Compressed.ddp.
[2017.11.10-00.43.24:602][  0]LogDerivedDataCache: Using Local data cache path C:/Users/Carlito/AppData/Local/UnrealEngine/Common/DerivedDataCache: Writable
[2017.11.10-00.43.24:617][  0]LogMaterial: Verifying Global Shaders for PCD3D_SM5
[2017.11.10-00.43.24:618][  0]LogSlate: Using Freetype 2.6.0
[2017.11.10-00.43.24:619][  0]LogSlate: SlateFontCache - WITH_FREETYPE: 1, WITH_HARFBUZZ: 1
[2017.11.10-00.43.24:619][  0]LogSlate: SlateFontCache - WITH_FREETYPE: 1, WITH_HARFBUZZ: 1
[2017.11.10-00.43.24:824][  0]LogAssetRegistry: FAssetRegistry took 0.0256 seconds to start up
[2017.11.10-00.43.24:939][  0]LogInit: Selected Device Profile: [Windows]
[2017.11.10-00.43.25:084][  0]LogContentStreaming: Texture pool size is 0.00 MB
[2017.11.10-00.43.25:385][  0]LogSimplygon: Simplygon DLL not present - disabling.
[2017.11.10-00.43.25:429][  0]LogMeshReduction: Using SimplygonSwarm for distributed automatic mesh merging
[2017.11.10-00.43.25:429][  0]LogMeshReduction: Using QuadricMeshReduction for automatic static mesh reduction
[2017.11.10-00.43.25:429][  0]LogMeshReduction: No automatic skeletal mesh reduction module available
[2017.11.10-00.43.25:429][  0]LogMeshReduction: No automatic mesh merging module available
[2017.11.10-00.43.25:429][  0]LogMeshMerging: No automatic mesh merging module available
[2017.11.10-00.43.25:724][  0]LogNetVersion: FPSTenis4Two , NetCL: 3573198, EngineNetVer: 2, GameNetVer: 0 (Checksum: 3132263279)
[2017.11.10-00.43.25:928][  0]LogPackageLocalizationCache: Processed 5 localized package path(s) for 1 prioritized culture(s) in 0.043426 seconds
[2017.11.10-00.43.25:933][  0]LogUObjectArray: 35825 objects as part of root set at end of initial load.
[2017.11.10-00.43.25:933][  0]LogUObjectAllocator: 7529104 out of 0 bytes used by permanent object pool.
[2017.11.10-00.43.25:933][  0]LogUObjectArray: CloseDisregardForGC: 0/0 objects in disregard for GC pool
[2017.11.10-00.43.26:008][  0]LogInit: WinSock: version 1.1 (2.2), MaxSocks=32767, MaxUdp=65467
[2017.11.10-00.43.28:514][  0]LogTcpMessaging: Initializing TcpMessaging bridge
[2017.11.10-00.43.28:564][  0]LogUdpMessaging: Initializing bridge on interface 0.0.0.0:0 to multicast group 230.0.0.1:6666.
[2017.11.10-00.43.28:564][  0]FUdpSocketBuilder: Failed to subscribe UdpMessageMulticastSocket to multicast group 230.0.0.1
[2017.11.10-00.43.28:564][  0]FUdpSocketBuilder: Failed to create and initialize socket UdpMessageMulticastSocket (last error: 0)
[2017.11.10-00.43.28:564][  0]LogUdpMessaging: Warning: StartTransport failed to create multicast socket on 0.0.0.0:0, joined to 230.0.0.1:6666 with TTL 1
[2017.11.10-00.43.29:198][  0]LogMaterial: Uniform references updated for custom material expression Custom.
[2017.11.10-00.43.29:584][  0]SourceControl: Source control is disabled
[2017.11.10-00.43.29:584][  0]SourceControl: Source control is disabled
[2017.11.10-00.43.29:633][  0]SourceControl: Source control is disabled
[2017.11.10-00.43.29:680][  0]SourceControl: Source control is disabled
[2017.11.10-00.43.30:274][  0]LogAndroidPermission: UAndroidPermissionCallbackProxy::GetInstance
[2017.11.10-00.43.30:530][  0]LogOcInput: OculusInput pre-init called
[2017.11.10-00.43.30:815][  0]LogEngine: Initializing Engine...
[2017.11.10-00.43.30:817][  0]LogHMD: Failed to initialize OpenVR with code 110
[2017.11.10-00.43.31:022][  0]LogStats: UGameplayTagsManager::ConstructGameplayTagTree: Construct from data asset -  0.000 s
[2017.11.10-00.43.31:022][  0]LogStats: UGameplayTagsManager::ConstructGameplayTagTree: GameplayTagTreeChangedEvent.Broadcast -  0.000 s
[2017.11.10-00.43.31:160][  0]LogAIModule: Creating AISystem for world Untitled
[2017.11.10-00.43.31:166][  0]LogInit: XAudio2 using 'Alto-falantes (Realtek High Definition Audio)' : 2 channels at 48 kHz using 32 bits per sample (channel mask 0x3)
[2017.11.10-00.43.31:184][  0]LogInit: FAudioDevice initialized.
[2017.11.10-00.43.31:420][  0]LogDerivedDataCache: Saved boot cache 0.24s 93MB C:/Users/Carlito/AppData/Local/UnrealEngine/4.17/DerivedDataCache/Boot.ddc.
[2017.11.10-00.43.31:444][  0]LogInit: Texture streaming: Enabled
[2017.11.10-00.43.31:581][  0]LogEngineSessionManager: EngineSessionManager initialized
[2017.11.10-00.43.31:825][  0]LogInit: Transaction tracking system initialized
[2017.11.10-00.43.32:178][  0]BlueprintLog: New page: Editor Load
[2017.11.10-00.43.33:195][  0]LocalizationService: Localization service is disabled
[2017.11.10-00.43.33:964][  0]LogConsoleResponse: Display: 
[2017.11.10-00.43.34:142][  0]LogFileCache: Scanning file cache for directory 'C:/Users/Carlito/Desktop/Canal do Youtube/Projetos/FPSTenis4Two/Content/' took 0.01s
[2017.11.10-00.43.34:142][  0]LogCook: Display: Max memory allowance for cook 16384mb min free memory 0mb
[2017.11.10-00.43.34:142][  0]LogCook: Display: Mobile HDR setting 1
[2017.11.10-00.43.34:142][  0]LogGameplayTags: Display: UGameplayTagsManager::DoneAddingNativeTags. DelegateIsBound: 0
[2017.11.10-00.43.35:254][  0]SourceControl: Source control is disabled
[2017.11.10-00.43.35:254][  0]Cmd: MAP LOAD FILE="../../../Engine/Content/Maps/Templates/Template_Default.umap" TEMPLATE=1 SHOWPROGRESS=1 FEATURELEVEL=3
[2017.11.10-00.43.35:254][  0]LightingResults: New page: Lighting Build
[2017.11.10-00.43.35:295][  0]MapCheck: New page: Map Check
[2017.11.10-00.43.35:295][  0]LightingResults: New page: Lighting Build
[2017.11.10-00.43.35:431][  0]LogAIModule: Creating AISystem for world Untitled_1
[2017.11.10-00.43.35:436][  0]LogEditorServer: Finished looking for orphan Actors (0.000 secs)
[2017.11.10-00.43.35:446][  0]Cmd: MAP CHECKDEP NOCLEARLOG
[2017.11.10-00.43.35:488][  0]MapCheck: Map check complete: 0 Error(s), 0 Warning(s), took 42.578ms to complete.
[2017.11.10-00.43.35:489][  0]LogFileHelpers: Loading map 'Template_Default' took 0.235
[2017.11.10-00.43.35:546][  0]LogWindowsTextInputMethodSystem: Display: IME system now deactivated.
[2017.11.10-00.43.35:637][  0]LogCollectionManager: Loaded 0 collections in 0.001653 seconds
[2017.11.10-00.43.35:724][  0]LogFileCache: Scanning file cache for directory 'C:/Users/Carlito/Desktop/Canal do Youtube/Projetos/FPSTenis4Two/Saved/Collections/' took 0.01s
[2017.11.10-00.43.35:724][  0]LogFileCache: Scanning file cache for directory 'C:/Users/Carlito/Desktop/Canal do Youtube/Projetos/FPSTenis4Two/Content/Developers/Carlito/Collections/' took 0.01s
[2017.11.10-00.43.35:724][  0]LogFileCache: Scanning file cache for directory 'C:/Users/Carlito/Desktop/Canal do Youtube/Projetos/FPSTenis4Two/Content/Collections/' took 0.01s
[2017.11.10-00.43.35:724][  0]LogCollectionManager: Rebuilt the GUID cache for 0 collections in 0.000000 seconds
[2017.11.10-00.43.35:732][  0]LogContentBrowser: Native class hierarchy populated in 0.0070 seconds. Added 2386 classes and 500 folders.
[2017.11.10-00.43.35:800][  0]LogContentBrowser: Native class hierarchy updated for 'WidgetCarousel' in 0.0007 seconds. Added 0 classes and 0 folders.
[2017.11.10-00.43.35:837][  0]LogContentBrowser: Native class hierarchy updated for 'AddContentDialog' in 0.0008 seconds. Added 0 classes and 0 folders.
[2017.11.10-00.43.35:883][  0]LogContentBrowser: Native class hierarchy updated for 'SceneOutliner' in 0.0005 seconds. Added 1 classes and 2 folders.
[2017.11.10-00.43.35:934][  0]LogSlate: Took 0.000260 seconds to synchronously load lazily loaded font '../../../Engine/Content/Slate/Fonts/Roboto-Regular.ttf' (155K)
[2017.11.10-00.43.35:938][  0]LogSlate: Took 0.000361 seconds to synchronously load lazily loaded font '../../../Engine/Content/Slate/Fonts/Roboto-Bold.ttf' (160K)
[2017.11.10-00.43.35:943][  0]LogSlate: Took 0.000257 seconds to synchronously load lazily loaded font '../../../Engine/Content/Editor/Slate/Fonts/FontAwesome.ttf' (139K)
[2017.11.10-00.43.36:099][  0]LogRenderer: Reallocating scene render targets to support 836x380 Format 9 NumSamples 1 (Frame:1).
[2017.11.10-00.43.36:324][  0]LogContentBrowser: Native class hierarchy updated for 'HierarchicalLODOutliner' in 0.0005 seconds. Added 1 classes and 2 folders.
[2017.11.10-00.43.36:324][  0]LogLoad: (Engine Initialization) Total time: 16.93 seconds
[2017.11.10-00.43.36:324][  0]LogLoad: (Engine Initialization) Total Blueprint compile time: 0.00 seconds
[2017.11.10-00.43.36:325][  0]LogExternalProfiler: No external profilers were discovered.  External profiling features will not be available.
[2017.11.10-00.43.36:354][  0]LogAssetRegistry: Asset discovery search completed in 11.5516 seconds
[2017.11.10-00.43.36:355][  0]LogCollectionManager: Rebuilt the object cache for 0 collections in 0.000001 seconds (found 0 objects)
[2017.11.10-00.43.36:355][  0]LogCollectionManager: Fixed up redirectors for 0 collections in 0.000032 seconds (updated 0 objects)
[2017.11.10-00.43.36:355][  0]LogContentStreaming: Texture pool size now 800 MB
